C:\USERS\DZUNG NGUYEN\DESKTOP\SDL2GAME\SDL2GAME\DEBUG\SDL2GAME.PCH
C:\USERS\DZUNG NGUYEN\DESKTOP\SDL2GAME\SDL2GAME\DEBUG\STDAFX.OBJ
C:\USERS\DZUNG NGUYEN\DESKTOP\SDL2GAME\SDL2GAME\DEBUG\VC110.PDB
C:\USERS\DZUNG NGUYEN\DESKTOP\SDL2GAME\SDL2GAME\DEBUG\BASEOBJECT.OBJ
C:\USERS\DZUNG NGUYEN\DESKTOP\SDL2GAME\SDL2GAME\DEBUG\BULLETOBJECT.OBJ
C:\USERS\DZUNG NGUYEN\DESKTOP\SDL2GAME\SDL2GAME\DEBUG\COMMONFUNC.OBJ
C:\USERS\DZUNG NGUYEN\DESKTOP\SDL2GAME\SDL2GAME\DEBUG\GAME_MAP.OBJ
C:\USERS\DZUNG NGUYEN\DESKTOP\SDL2GAME\SDL2GAME\DEBUG\IMPTIMER.OBJ
C:\USERS\DZUNG NGUYEN\DESKTOP\SDL2GAME\SDL2GAME\DEBUG\MAIN.OBJ
C:\USERS\DZUNG NGUYEN\DESKTOP\SDL2GAME\SDL2GAME\DEBUG\PLAYER_OBJECT.OBJ
C:\USERS\DZUNG NGUYEN\DESKTOP\SDL2GAME\SDL2GAME\DEBUG\THREATSOBJECT.OBJ
C:\USERS\DZUNG NGUYEN\DESKTOP\SDL2GAME\DEBUG\SDL2GAME.ILK
C:\USERS\DZUNG NGUYEN\DESKTOP\SDL2GAME\DEBUG\SDL2GAME.EXE
C:\USERS\DZUNG NGUYEN\DESKTOP\SDL2GAME\DEBUG\SDL2GAME.PDB
C:\Users\DZUNG NGUYEN\Desktop\SDL2Game\SDL2Game\Debug\BaseObject.obj
C:\Users\DZUNG NGUYEN\Desktop\SDL2Game\SDL2Game\Debug\BulletObject.obj
C:\Users\DZUNG NGUYEN\Desktop\SDL2Game\SDL2Game\Debug\CommonFunc.obj
C:\Users\DZUNG NGUYEN\Desktop\SDL2Game\SDL2Game\Debug\game_map.obj
C:\Users\DZUNG NGUYEN\Desktop\SDL2Game\SDL2Game\Debug\ImpTimer.obj
C:\Users\DZUNG NGUYEN\Desktop\SDL2Game\SDL2Game\Debug\main.obj
C:\Users\DZUNG NGUYEN\Desktop\SDL2Game\SDL2Game\Debug\player_object.obj
C:\Users\DZUNG NGUYEN\Desktop\SDL2Game\SDL2Game\Debug\stdafx.obj
C:\Users\DZUNG NGUYEN\Desktop\SDL2Game\SDL2Game\Debug\ThreatsObject.obj
C:\Users\DZUNG NGUYEN\Desktop\SDL2Game\SDL2Game\Debug\cl.command.1.tlog
C:\Users\DZUNG NGUYEN\Desktop\SDL2Game\SDL2Game\Debug\CL.read.1.tlog
C:\Users\DZUNG NGUYEN\Desktop\SDL2Game\SDL2Game\Debug\CL.write.1.tlog
C:\Users\DZUNG NGUYEN\Desktop\SDL2Game\SDL2Game\Debug\link-cvtres.read.1.tlog
C:\Users\DZUNG NGUYEN\Desktop\SDL2Game\SDL2Game\Debug\link-cvtres.write.1.tlog
C:\Users\DZUNG NGUYEN\Desktop\SDL2Game\SDL2Game\Debug\link-rc.read.1.tlog
C:\Users\DZUNG NGUYEN\Desktop\SDL2Game\SDL2Game\Debug\link-rc.write.1.tlog
C:\Users\DZUNG NGUYEN\Desktop\SDL2Game\SDL2Game\Debug\link.1088-cvtres.read.1.tlog
C:\Users\DZUNG NGUYEN\Desktop\SDL2Game\SDL2Game\Debug\link.1088-cvtres.write.1.tlog
C:\Users\DZUNG NGUYEN\Desktop\SDL2Game\SDL2Game\Debug\link.1088-rc.read.1.tlog
C:\Users\DZUNG NGUYEN\Desktop\SDL2Game\SDL2Game\Debug\link.1088-rc.write.1.tlog
C:\Users\DZUNG NGUYEN\Desktop\SDL2Game\SDL2Game\Debug\link.1088.read.1.tlog
C:\Users\DZUNG NGUYEN\Desktop\SDL2Game\SDL2Game\Debug\link.1088.write.1.tlog
C:\Users\DZUNG NGUYEN\Desktop\SDL2Game\SDL2Game\Debug\link.13916-cvtres.read.1.tlog
C:\Users\DZUNG NGUYEN\Desktop\SDL2Game\SDL2Game\Debug\link.13916-cvtres.write.1.tlog
C:\Users\DZUNG NGUYEN\Desktop\SDL2Game\SDL2Game\Debug\link.13916-rc.read.1.tlog
C:\Users\DZUNG NGUYEN\Desktop\SDL2Game\SDL2Game\Debug\link.13916-rc.write.1.tlog
C:\Users\DZUNG NGUYEN\Desktop\SDL2Game\SDL2Game\Debug\link.13916.read.1.tlog
C:\Users\DZUNG NGUYEN\Desktop\SDL2Game\SDL2Game\Debug\link.13916.write.1.tlog
C:\Users\DZUNG NGUYEN\Desktop\SDL2Game\SDL2Game\Debug\link.15184-cvtres.read.1.tlog
C:\Users\DZUNG NGUYEN\Desktop\SDL2Game\SDL2Game\Debug\link.15184-cvtres.write.1.tlog
C:\Users\DZUNG NGUYEN\Desktop\SDL2Game\SDL2Game\Debug\link.15184-rc.read.1.tlog
C:\Users\DZUNG NGUYEN\Desktop\SDL2Game\SDL2Game\Debug\link.15184-rc.write.1.tlog
C:\Users\DZUNG NGUYEN\Desktop\SDL2Game\SDL2Game\Debug\link.15184.read.1.tlog
C:\Users\DZUNG NGUYEN\Desktop\SDL2Game\SDL2Game\Debug\link.15184.write.1.tlog
C:\Users\DZUNG NGUYEN\Desktop\SDL2Game\SDL2Game\Debug\link.16100-cvtres.read.1.tlog
C:\Users\DZUNG NGUYEN\Desktop\SDL2Game\SDL2Game\Debug\link.16100-cvtres.write.1.tlog
C:\Users\DZUNG NGUYEN\Desktop\SDL2Game\SDL2Game\Debug\link.16100-rc.read.1.tlog
C:\Users\DZUNG NGUYEN\Desktop\SDL2Game\SDL2Game\Debug\link.16100-rc.write.1.tlog
C:\Users\DZUNG NGUYEN\Desktop\SDL2Game\SDL2Game\Debug\link.16100.read.1.tlog
C:\Users\DZUNG NGUYEN\Desktop\SDL2Game\SDL2Game\Debug\link.16100.write.1.tlog
C:\Users\DZUNG NGUYEN\Desktop\SDL2Game\SDL2Game\Debug\link.17064-cvtres.read.1.tlog
C:\Users\DZUNG NGUYEN\Desktop\SDL2Game\SDL2Game\Debug\link.17064-cvtres.write.1.tlog
C:\Users\DZUNG NGUYEN\Desktop\SDL2Game\SDL2Game\Debug\link.17064-rc.read.1.tlog
C:\Users\DZUNG NGUYEN\Desktop\SDL2Game\SDL2Game\Debug\link.17064-rc.write.1.tlog
C:\Users\DZUNG NGUYEN\Desktop\SDL2Game\SDL2Game\Debug\link.17064.read.1.tlog
C:\Users\DZUNG NGUYEN\Desktop\SDL2Game\SDL2Game\Debug\link.17064.write.1.tlog
C:\Users\DZUNG NGUYEN\Desktop\SDL2Game\SDL2Game\Debug\link.420-cvtres.read.1.tlog
C:\Users\DZUNG NGUYEN\Desktop\SDL2Game\SDL2Game\Debug\link.420-cvtres.write.1.tlog
C:\Users\DZUNG NGUYEN\Desktop\SDL2Game\SDL2Game\Debug\link.420-rc.read.1.tlog
C:\Users\DZUNG NGUYEN\Desktop\SDL2Game\SDL2Game\Debug\link.420-rc.write.1.tlog
C:\Users\DZUNG NGUYEN\Desktop\SDL2Game\SDL2Game\Debug\link.420.read.1.tlog
C:\Users\DZUNG NGUYEN\Desktop\SDL2Game\SDL2Game\Debug\link.420.write.1.tlog
C:\Users\DZUNG NGUYEN\Desktop\SDL2Game\SDL2Game\Debug\link.9208-cvtres.read.1.tlog
C:\Users\DZUNG NGUYEN\Desktop\SDL2Game\SDL2Game\Debug\link.9208-cvtres.write.1.tlog
C:\Users\DZUNG NGUYEN\Desktop\SDL2Game\SDL2Game\Debug\link.9208-rc.read.1.tlog
C:\Users\DZUNG NGUYEN\Desktop\SDL2Game\SDL2Game\Debug\link.9208-rc.write.1.tlog
C:\Users\DZUNG NGUYEN\Desktop\SDL2Game\SDL2Game\Debug\link.9208.read.1.tlog
C:\Users\DZUNG NGUYEN\Desktop\SDL2Game\SDL2Game\Debug\link.9208.write.1.tlog
C:\Users\DZUNG NGUYEN\Desktop\SDL2Game\SDL2Game\Debug\link.command.1.tlog
C:\Users\DZUNG NGUYEN\Desktop\SDL2Game\SDL2Game\Debug\link.read.1.tlog
C:\Users\DZUNG NGUYEN\Desktop\SDL2Game\SDL2Game\Debug\link.write.1.tlog
C:\Users\DZUNG NGUYEN\Desktop\SDL2Game\SDL2Game\Debug\SDL2Game.pch
C:\Users\DZUNG NGUYEN\Desktop\SDL2Game\SDL2Game\Debug\vc110.idb
C:\Users\DZUNG NGUYEN\Desktop\SDL2Game\SDL2Game\Debug\vc110.pdb
C:\Users\DZUNG NGUYEN\Desktop\SDL2Game\Debug\SDL2Game.pdb
C:\Users\DZUNG NGUYEN\Desktop\SDL2Game\Debug\SDL2Game.exe
C:\Users\DZUNG NGUYEN\Desktop\SDL2Game\Debug\SDL2Game.ilk
